{"timestamp":"2025-11-24T20:17:00.9699341-03:00","hilo_id":"Scheduler","lvt":"1969-12-31T21:00:10-03:00","evento":"EnvioExterno","mensaje":"Enviando a Worker 1 (T_Evento: 9:00PM)"}
{"timestamp":"2025-11-24T20:17:00.9704782-03:00","hilo_id":"Scheduler","lvt":"1969-12-31T21:00:19-03:00","evento":"EnvioExterno","mensaje":"Enviando a Worker 14 (T_Evento: 9:00PM)"}
{"timestamp":"2025-11-24T20:17:00.9704782-03:00","hilo_id":"Scheduler","lvt":"1969-12-31T21:00:20-03:00","evento":"EnvioExterno","mensaje":"Enviando a Worker 15 (T_Evento: 9:00PM)"}
{"timestamp":"2025-11-24T20:17:00.9704782-03:00","hilo_id":"Scheduler","lvt":"1969-12-31T21:00:28-03:00","evento":"EnvioExterno","mensaje":"Enviando a Worker 1 (T_Evento: 9:00PM)"}
{"timestamp":"2025-11-24T20:17:00.9704782-03:00","hilo_id":"Worker-14","lvt":"1969-12-31T21:00:00-03:00","evento":"RecepcionExterno","mensaje":"Recibido (T_Evento: 9:00PM)"}
{"timestamp":"2025-11-24T20:17:00.9704782-03:00","hilo_id":"Worker-14","lvt":"1969-12-31T21:00:00-03:00","evento":"Checkpoint","mensaje":"Checkpoint creado en T=9:00PM"}
{"timestamp":"2025-11-24T20:17:00.9704782-03:00","hilo_id":"Worker-14","lvt":"1969-12-31T21:00:19-03:00","evento":"ProcesoInterno","mensaje":"Procesando evento interno (T=9:00PM)"}
{"timestamp":"2025-11-24T20:17:00.9704782-03:00","hilo_id":"Worker-15","lvt":"1969-12-31T21:00:00-03:00","evento":"RecepcionExterno","mensaje":"Recibido (T_Evento: 9:00PM)"}
{"timestamp":"2025-11-24T20:17:00.9704782-03:00","hilo_id":"Worker-15","lvt":"1969-12-31T21:00:00-03:00","evento":"Checkpoint","mensaje":"Checkpoint creado en T=9:00PM"}
{"timestamp":"2025-11-24T20:17:00.9704782-03:00","hilo_id":"Scheduler","lvt":"1969-12-31T21:00:29-03:00","evento":"EnvioExterno","mensaje":"Enviando a Worker 7 (T_Evento: 9:00PM)"}
{"timestamp":"2025-11-24T20:17:00.9710134-03:00","hilo_id":"Scheduler","lvt":"1969-12-31T21:00:32-03:00","evento":"EnvioExterno","mensaje":"Enviando a Worker 14 (T_Evento: 9:00PM)"}
{"timestamp":"2025-11-24T20:17:00.9710134-03:00","hilo_id":"Worker-7","lvt":"1969-12-31T21:00:00-03:00","evento":"RecepcionExterno","mensaje":"Recibido (T_Evento: 9:00PM)"}
{"timestamp":"2025-11-24T20:17:00.9710134-03:00","hilo_id":"Worker-7","lvt":"1969-12-31T21:00:00-03:00","evento":"Checkpoint","mensaje":"Checkpoint creado en T=9:00PM"}
{"timestamp":"2025-11-24T20:17:00.9710134-03:00","hilo_id":"Worker-7","lvt":"1969-12-31T21:00:29-03:00","evento":"ProcesoInterno","mensaje":"Procesando evento interno (T=9:00PM)"}
{"timestamp":"2025-11-24T20:17:00.9704782-03:00","hilo_id":"Worker-1","lvt":"1969-12-31T21:00:00-03:00","evento":"RecepcionExterno","mensaje":"Recibido (T_Evento: 9:00PM)"}
{"timestamp":"2025-11-24T20:17:00.9710134-03:00","hilo_id":"Worker-1","lvt":"1969-12-31T21:00:00-03:00","evento":"Checkpoint","mensaje":"Checkpoint creado en T=9:00PM"}
{"timestamp":"2025-11-24T20:17:00.9710134-03:00","hilo_id":"Worker-1","lvt":"1969-12-31T21:00:10-03:00","evento":"ProcesoInterno","mensaje":"Procesando evento interno (T=9:00PM)"}
{"timestamp":"2025-11-24T20:17:00.9710134-03:00","hilo_id":"Worker-1","lvt":"1969-12-31T21:00:25-03:00","evento":"RecepcionExterno","mensaje":"Recibido (T_Evento: 9:00PM)"}
{"timestamp":"2025-11-24T20:17:00.9710134-03:00","hilo_id":"Worker-1","lvt":"1969-12-31T21:00:25-03:00","evento":"Checkpoint","mensaje":"Checkpoint creado en T=9:00PM"}
{"timestamp":"2025-11-24T20:17:00.9710134-03:00","hilo_id":"Worker-1","lvt":"1969-12-31T21:00:28-03:00","evento":"ProcesoInterno","mensaje":"Procesando evento interno (T=9:00PM)"}
{"timestamp":"2025-11-24T20:17:00.9710134-03:00","hilo_id":"Scheduler","lvt":"1969-12-31T21:00:42-03:00","evento":"EnvioExterno","mensaje":"Enviando a Worker 6 (T_Evento: 9:00PM)"}
{"timestamp":"2025-11-24T20:17:00.9710134-03:00","hilo_id":"Scheduler","lvt":"1969-12-31T21:00:50-03:00","evento":"EnvioExterno","mensaje":"Enviando a Worker 4 (T_Evento: 9:00PM)"}
{"timestamp":"2025-11-24T20:17:00.9710134-03:00","hilo_id":"Worker-6","lvt":"1969-12-31T21:00:00-03:00","evento":"RecepcionExterno","mensaje":"Recibido (T_Evento: 9:00PM)"}
{"timestamp":"2025-11-24T20:17:00.9710134-03:00","hilo_id":"Worker-6","lvt":"1969-12-31T21:00:00-03:00","evento":"Checkpoint","mensaje":"Checkpoint creado en T=9:00PM"}
{"timestamp":"2025-11-24T20:17:00.9710134-03:00","hilo_id":"Worker-6","lvt":"1969-12-31T21:00:42-03:00","evento":"ProcesoInterno","mensaje":"Procesando evento interno (T=9:00PM)"}
{"timestamp":"2025-11-24T20:17:00.9710134-03:00","hilo_id":"Worker-15","lvt":"1969-12-31T21:00:20-03:00","evento":"ProcesoInterno","mensaje":"Procesando evento interno (T=9:00PM)"}
{"timestamp":"2025-11-24T20:17:00.9710134-03:00","hilo_id":"Scheduler","lvt":"1969-12-31T21:00:56-03:00","evento":"EnvioExterno","mensaje":"Enviando a Worker 14 (T_Evento: 9:00PM)"}
{"timestamp":"2025-11-24T20:17:00.9710134-03:00","hilo_id":"Scheduler","lvt":"1969-12-31T21:00:58-03:00","evento":"EnvioExterno","mensaje":"Enviando a Worker 5 (T_Evento: 9:00PM)"}
{"timestamp":"2025-11-24T20:17:00.9710134-03:00","hilo_id":"Worker-14","lvt":"1969-12-31T21:00:34-03:00","evento":"RecepcionExterno","mensaje":"Recibido (T_Evento: 9:00PM)"}
{"timestamp":"2025-11-24T20:17:00.9710134-03:00","hilo_id":"Worker-14","lvt":"1969-12-31T21:00:34-03:00","evento":"RollbackInicio","mensaje":"Straggler (T=9:00PM). Volviendo a LVT=9:00PM"}
{"timestamp":"2025-11-24T20:17:00.9710134-03:00","hilo_id":"Worker-14","lvt":"1969-12-31T21:00:34-03:00","evento":"RollbackFin","mensaje":"ReprocesamientoFinalizado"}
{"timestamp":"2025-11-24T20:17:00.9710134-03:00","hilo_id":"Worker-14","lvt":"1969-12-31T21:00:34-03:00","evento":"Checkpoint","mensaje":"Checkpoint creado en T=9:00PM"}
{"timestamp":"2025-11-24T20:17:00.9710134-03:00","hilo_id":"Worker-14","lvt":"1969-12-31T21:00:34-03:00","evento":"ProcesoInterno","mensaje":"Procesando evento interno (T=9:00PM)"}
{"timestamp":"2025-11-24T20:17:00.9710134-03:00","hilo_id":"Worker-14","lvt":"1969-12-31T21:00:47-03:00","evento":"RecepcionExterno","mensaje":"Recibido (T_Evento: 9:00PM)"}
{"timestamp":"2025-11-24T20:17:00.9710134-03:00","hilo_id":"Worker-14","lvt":"1969-12-31T21:00:47-03:00","evento":"Checkpoint","mensaje":"Checkpoint creado en T=9:00PM"}
{"timestamp":"2025-11-24T20:17:00.9710134-03:00","hilo_id":"Worker-14","lvt":"1969-12-31T21:00:56-03:00","evento":"ProcesoInterno","mensaje":"Procesando evento interno (T=9:01PM)"}
{"timestamp":"2025-11-24T20:17:00.9710134-03:00","hilo_id":"Worker-4","lvt":"1969-12-31T21:00:00-03:00","evento":"RecepcionExterno","mensaje":"Recibido (T_Evento: 9:00PM)"}
{"timestamp":"2025-11-24T20:17:00.9710134-03:00","hilo_id":"Worker-4","lvt":"1969-12-31T21:00:00-03:00","evento":"Checkpoint","mensaje":"Checkpoint creado en T=9:00PM"}
{"timestamp":"2025-11-24T20:17:00.9710134-03:00","hilo_id":"Worker-4","lvt":"1969-12-31T21:00:50-03:00","evento":"ProcesoInterno","mensaje":"Procesando evento interno (T=9:01PM)"}
{"timestamp":"2025-11-24T20:17:00.9710134-03:00","hilo_id":"Scheduler","lvt":"1969-12-31T21:01:01-03:00","evento":"EnvioExterno","mensaje":"Enviando a Worker 11 (T_Evento: 9:01PM)"}
{"timestamp":"2025-11-24T20:17:00.9710134-03:00","hilo_id":"Scheduler","lvt":"1969-12-31T21:01:08-03:00","evento":"EnvioExterno","mensaje":"Enviando a Worker 14 (T_Evento: 9:01PM)"}
{"timestamp":"2025-11-24T20:17:00.9710134-03:00","hilo_id":"Worker-11","lvt":"1969-12-31T21:00:00-03:00","evento":"RecepcionExterno","mensaje":"Recibido (T_Evento: 9:01PM)"}
{"timestamp":"2025-11-24T20:17:00.9710134-03:00","hilo_id":"Worker-11","lvt":"1969-12-31T21:00:00-03:00","evento":"Checkpoint","mensaje":"Checkpoint creado en T=9:00PM"}
{"timestamp":"2025-11-24T20:17:00.9710134-03:00","hilo_id":"Worker-5","lvt":"1969-12-31T21:00:00-03:00","evento":"RecepcionExterno","mensaje":"Recibido (T_Evento: 9:00PM)"}
{"timestamp":"2025-11-24T20:17:00.9710134-03:00","hilo_id":"Worker-5","lvt":"1969-12-31T21:00:00-03:00","evento":"Checkpoint","mensaje":"Checkpoint creado en T=9:00PM"}
{"timestamp":"2025-11-24T20:17:00.9710134-03:00","hilo_id":"Worker-5","lvt":"1969-12-31T21:00:58-03:00","evento":"ProcesoInterno","mensaje":"Procesando evento interno (T=9:01PM)"}
{"timestamp":"2025-11-24T20:17:00.9710134-03:00","hilo_id":"Scheduler","lvt":"1969-12-31T21:01:15-03:00","evento":"EnvioExterno","mensaje":"Enviando a Worker 12 (T_Evento: 9:01PM)"}
{"timestamp":"2025-11-24T20:17:00.9715469-03:00","hilo_id":"Scheduler","lvt":"1969-12-31T21:01:18-03:00","evento":"EnvioExterno","mensaje":"Enviando a Worker 12 (T_Evento: 9:01PM)"}
{"timestamp":"2025-11-24T20:17:00.9715469-03:00","hilo_id":"Scheduler","lvt":"1969-12-31T21:01:24-03:00","evento":"EnvioExterno","mensaje":"Enviando a Worker 4 (T_Evento: 9:01PM)"}
{"timestamp":"2025-11-24T20:17:00.9715469-03:00","hilo_id":"Scheduler","lvt":"1969-12-31T21:01:32-03:00","evento":"EnvioExterno","mensaje":"Enviando a Worker 13 (T_Evento: 9:01PM)"}
{"timestamp":"2025-11-24T20:17:00.9715469-03:00","hilo_id":"Worker-4","lvt":"1969-12-31T21:01:05-03:00","evento":"RecepcionExterno","mensaje":"Recibido (T_Evento: 9:01PM)"}
{"timestamp":"2025-11-24T20:17:00.9715469-03:00","hilo_id":"Worker-4","lvt":"1969-12-31T21:01:05-03:00","evento":"Checkpoint","mensaje":"Checkpoint creado en T=9:01PM"}
{"timestamp":"2025-11-24T20:17:00.9715469-03:00","hilo_id":"Worker-4","lvt":"1969-12-31T21:01:24-03:00","evento":"ProcesoInterno","mensaje":"Procesando evento interno (T=9:01PM)"}
{"timestamp":"2025-11-24T20:17:00.9710134-03:00","hilo_id":"Worker-14","lvt":"1969-12-31T21:01:11-03:00","evento":"RecepcionExterno","mensaje":"Recibido (T_Evento: 9:01PM)"}
{"timestamp":"2025-11-24T20:17:00.9715469-03:00","hilo_id":"Worker-14","lvt":"1969-12-31T21:01:11-03:00","evento":"RollbackInicio","mensaje":"Straggler (T=9:01PM). Volviendo a LVT=9:00PM"}
{"timestamp":"2025-11-24T20:17:00.9715469-03:00","hilo_id":"Worker-14","lvt":"1969-12-31T21:01:11-03:00","evento":"RollbackFin","mensaje":"ReprocesamientoFinalizado"}
{"timestamp":"2025-11-24T20:17:00.9715469-03:00","hilo_id":"Worker-14","lvt":"1969-12-31T21:01:11-03:00","evento":"Checkpoint","mensaje":"Checkpoint creado en T=9:01PM"}
{"timestamp":"2025-11-24T20:17:00.9715469-03:00","hilo_id":"Worker-12","lvt":"1969-12-31T21:00:00-03:00","evento":"RecepcionExterno","mensaje":"Recibido (T_Evento: 9:01PM)"}
{"timestamp":"2025-11-24T20:17:00.9715469-03:00","hilo_id":"Worker-12","lvt":"1969-12-31T21:00:00-03:00","evento":"Checkpoint","mensaje":"Checkpoint creado en T=9:00PM"}
{"timestamp":"2025-11-24T20:17:00.9710134-03:00","hilo_id":"Worker-11","lvt":"1969-12-31T21:01:01-03:00","evento":"ProcesoInterno","mensaje":"Procesando evento interno (T=9:01PM)"}
{"timestamp":"2025-11-24T20:17:00.9715469-03:00","hilo_id":"Scheduler","lvt":"1969-12-31T21:01:40-03:00","evento":"EnvioExterno","mensaje":"Enviando a Worker 11 (T_Evento: 9:01PM)"}
{"timestamp":"2025-11-24T20:17:00.9715469-03:00","hilo_id":"Scheduler","lvt":"1969-12-31T21:01:48-03:00","evento":"EnvioExterno","mensaje":"Enviando a Worker 11 (T_Evento: 9:01PM)"}
{"timestamp":"2025-11-24T20:17:00.9715469-03:00","hilo_id":"Scheduler","lvt":"1969-12-31T21:01:58-03:00","evento":"EnvioExterno","mensaje":"Enviando a Worker 7 (T_Evento: 9:01PM)"}
{"timestamp":"2025-11-24T20:17:00.9715469-03:00","hilo_id":"Scheduler","lvt":"1969-12-31T21:02:00-03:00","evento":"EnvioExterno","mensaje":"Enviando a Worker 4 (T_Evento: 9:02PM)"}
{"timestamp":"2025-11-24T20:17:00.9715469-03:00","hilo_id":"Worker-7","lvt":"1969-12-31T21:00:44-03:00","evento":"RecepcionExterno","mensaje":"Recibido (T_Evento: 9:01PM)"}
{"timestamp":"2025-11-24T20:17:00.9715469-03:00","hilo_id":"Worker-7","lvt":"1969-12-31T21:00:44-03:00","evento":"Checkpoint","mensaje":"Checkpoint creado en T=9:00PM"}
{"timestamp":"2025-11-24T20:17:00.9715469-03:00","hilo_id":"Worker-13","lvt":"1969-12-31T21:00:00-03:00","evento":"RecepcionExterno","mensaje":"Recibido (T_Evento: 9:01PM)"}
{"timestamp":"2025-11-24T20:17:00.9715469-03:00","hilo_id":"Worker-13","lvt":"1969-12-31T21:00:00-03:00","evento":"Checkpoint","mensaje":"Checkpoint creado en T=9:00PM"}
{"timestamp":"2025-11-24T20:17:00.9715469-03:00","hilo_id":"Worker-13","lvt":"1969-12-31T21:01:32-03:00","evento":"ProcesoInterno","mensaje":"Procesando evento interno (T=9:01PM)"}
{"timestamp":"2025-11-24T20:17:00.9715469-03:00","hilo_id":"Worker-14","lvt":"1969-12-31T21:01:11-03:00","evento":"ProcesoInterno","mensaje":"Procesando evento interno (T=9:01PM)"}
{"timestamp":"2025-11-24T20:17:00.9715469-03:00","hilo_id":"Worker-12","lvt":"1969-12-31T21:01:15-03:00","evento":"ProcesoInterno","mensaje":"Procesando evento interno (T=9:01PM)"}
{"timestamp":"2025-11-24T20:17:00.9715469-03:00","hilo_id":"Worker-12","lvt":"1969-12-31T21:01:30-03:00","evento":"RecepcionExterno","mensaje":"Recibido (T_Evento: 9:01PM)"}
{"timestamp":"2025-11-24T20:17:00.9715469-03:00","hilo_id":"Worker-12","lvt":"1969-12-31T21:01:30-03:00","evento":"RollbackInicio","mensaje":"Straggler (T=9:01PM). Volviendo a LVT=9:00PM"}
{"timestamp":"2025-11-24T20:17:00.9715469-03:00","hilo_id":"Worker-12","lvt":"1969-12-31T21:01:30-03:00","evento":"RollbackFin","mensaje":"ReprocesamientoFinalizado"}
{"timestamp":"2025-11-24T20:17:00.9715469-03:00","hilo_id":"Worker-12","lvt":"1969-12-31T21:01:30-03:00","evento":"Checkpoint","mensaje":"Checkpoint creado en T=9:01PM"}
{"timestamp":"2025-11-24T20:17:00.9715469-03:00","hilo_id":"Worker-12","lvt":"1969-12-31T21:01:30-03:00","evento":"ProcesoInterno","mensaje":"Procesando evento interno (T=9:01PM)"}
{"timestamp":"2025-11-24T20:17:00.9715469-03:00","hilo_id":"Worker-11","lvt":"1969-12-31T21:01:16-03:00","evento":"RecepcionExterno","mensaje":"Recibido (T_Evento: 9:01PM)"}
{"timestamp":"2025-11-24T20:17:00.9715469-03:00","hilo_id":"Worker-11","lvt":"1969-12-31T21:01:16-03:00","evento":"Checkpoint","mensaje":"Checkpoint creado en T=9:01PM"}
{"timestamp":"2025-11-24T20:17:00.9715469-03:00","hilo_id":"Worker-11","lvt":"1969-12-31T21:01:40-03:00","evento":"ProcesoInterno","mensaje":"Procesando evento interno (T=9:01PM)"}
{"timestamp":"2025-11-24T20:17:00.9715469-03:00","hilo_id":"Worker-11","lvt":"1969-12-31T21:01:55-03:00","evento":"RecepcionExterno","mensaje":"Recibido (T_Evento: 9:01PM)"}
{"timestamp":"2025-11-24T20:17:00.9715469-03:00","hilo_id":"Scheduler","lvt":"1969-12-31T21:02:10-03:00","evento":"EnvioExterno","mensaje":"Enviando a Worker 8 (T_Evento: 9:02PM)"}
{"timestamp":"2025-11-24T20:17:00.9715469-03:00","hilo_id":"Scheduler","lvt":"1969-12-31T21:02:13-03:00","evento":"EnvioExterno","mensaje":"Enviando a Worker 8 (T_Evento: 9:02PM)"}
{"timestamp":"2025-11-24T20:17:00.9715469-03:00","hilo_id":"Worker-4","lvt":"1969-12-31T21:01:39-03:00","evento":"RecepcionExterno","mensaje":"Recibido (T_Evento: 9:02PM)"}
{"timestamp":"2025-11-24T20:17:00.9715469-03:00","hilo_id":"Worker-4","lvt":"1969-12-31T21:01:39-03:00","evento":"Checkpoint","mensaje":"Checkpoint creado en T=9:01PM"}
{"timestamp":"2025-11-24T20:17:00.9715469-03:00","hilo_id":"Worker-4","lvt":"1969-12-31T21:02:00-03:00","evento":"ProcesoInterno","mensaje":"Procesando evento interno (T=9:02PM)"}
{"timestamp":"2025-11-24T20:17:00.9715469-03:00","hilo_id":"Worker-11","lvt":"1969-12-31T21:01:55-03:00","evento":"RollbackInicio","mensaje":"Straggler (T=9:01PM). Volviendo a LVT=9:01PM"}
{"timestamp":"2025-11-24T20:17:00.9715469-03:00","hilo_id":"Worker-11","lvt":"1969-12-31T21:01:55-03:00","evento":"RollbackFin","mensaje":"ReprocesamientoFinalizado"}
{"timestamp":"2025-11-24T20:17:00.9722006-03:00","hilo_id":"Worker-11","lvt":"1969-12-31T21:01:55-03:00","evento":"Checkpoint","mensaje":"Checkpoint creado en T=9:01PM"}
{"timestamp":"2025-11-24T20:17:00.9722006-03:00","hilo_id":"Worker-11","lvt":"1969-12-31T21:01:55-03:00","evento":"ProcesoInterno","mensaje":"Procesando evento interno (T=9:02PM)"}
{"timestamp":"2025-11-24T20:17:00.9715469-03:00","hilo_id":"Scheduler","lvt":"1969-12-31T21:02:22-03:00","evento":"EnvioExterno","mensaje":"Enviando a Worker 12 (T_Evento: 9:02PM)"}
{"timestamp":"2025-11-24T20:17:00.9722006-03:00","hilo_id":"Scheduler","lvt":"1969-12-31T21:02:25-03:00","evento":"EnvioExterno","mensaje":"Enviando a Worker 0 (T_Evento: 9:02PM)"}
{"timestamp":"2025-11-24T20:17:00.9722006-03:00","hilo_id":"Worker-12","lvt":"1969-12-31T21:01:33-03:00","evento":"RecepcionExterno","mensaje":"Recibido (T_Evento: 9:02PM)"}
{"timestamp":"2025-11-24T20:17:00.9722006-03:00","hilo_id":"Worker-12","lvt":"1969-12-31T21:01:33-03:00","evento":"Checkpoint","mensaje":"Checkpoint creado en T=9:01PM"}
{"timestamp":"2025-11-24T20:17:00.9722006-03:00","hilo_id":"Worker-12","lvt":"1969-12-31T21:02:22-03:00","evento":"ProcesoInterno","mensaje":"Procesando evento interno (T=9:02PM)"}
{"timestamp":"2025-11-24T20:17:00.9715469-03:00","hilo_id":"Worker-7","lvt":"1969-12-31T21:01:58-03:00","evento":"ProcesoInterno","mensaje":"Procesando evento interno (T=9:02PM)"}
{"timestamp":"2025-11-24T20:17:00.9715469-03:00","hilo_id":"Worker-8","lvt":"1969-12-31T21:00:00-03:00","evento":"RecepcionExterno","mensaje":"Recibido (T_Evento: 9:02PM)"}
{"timestamp":"2025-11-24T20:17:00.9722006-03:00","hilo_id":"Worker-8","lvt":"1969-12-31T21:00:00-03:00","evento":"Checkpoint","mensaje":"Checkpoint creado en T=9:00PM"}
{"timestamp":"2025-11-24T20:17:00.9722006-03:00","hilo_id":"Worker-8","lvt":"1969-12-31T21:02:10-03:00","evento":"ProcesoInterno","mensaje":"Procesando evento interno (T=9:02PM)"}
{"timestamp":"2025-11-24T20:17:00.9722006-03:00","hilo_id":"Worker-8","lvt":"1969-12-31T21:02:25-03:00","evento":"RecepcionExterno","mensaje":"Recibido (T_Evento: 9:02PM)"}
{"timestamp":"2025-11-24T20:17:00.9722006-03:00","hilo_id":"Worker-8","lvt":"1969-12-31T21:02:25-03:00","evento":"RollbackInicio","mensaje":"Straggler (T=9:02PM). Volviendo a LVT=9:00PM"}
{"timestamp":"2025-11-24T20:17:00.9722006-03:00","hilo_id":"Worker-8","lvt":"1969-12-31T21:02:25-03:00","evento":"RollbackFin","mensaje":"ReprocesamientoFinalizado"}
{"timestamp":"2025-11-24T20:17:00.9722006-03:00","hilo_id":"Worker-8","lvt":"1969-12-31T21:02:25-03:00","evento":"Checkpoint","mensaje":"Checkpoint creado en T=9:02PM"}
{"timestamp":"2025-11-24T20:17:00.9722006-03:00","hilo_id":"Worker-8","lvt":"1969-12-31T21:02:25-03:00","evento":"ProcesoInterno","mensaje":"Procesando evento interno (T=9:02PM)"}
{"timestamp":"2025-11-24T20:17:00.9722006-03:00","hilo_id":"Scheduler","lvt":"1969-12-31T21:02:32-03:00","evento":"EnvioExterno","mensaje":"Enviando a Worker 15 (T_Evento: 9:02PM)"}
{"timestamp":"2025-11-24T20:17:00.9722006-03:00","hilo_id":"Scheduler","lvt":"1969-12-31T21:02:41-03:00","evento":"EnvioExterno","mensaje":"Enviando a Worker 9 (T_Evento: 9:02PM)"}
{"timestamp":"2025-11-24T20:17:00.9722006-03:00","hilo_id":"Scheduler","lvt":"1969-12-31T21:02:48-03:00","evento":"EnvioExterno","mensaje":"Enviando a Worker 12 (T_Evento: 9:02PM)"}
{"timestamp":"2025-11-24T20:17:00.9722006-03:00","hilo_id":"Scheduler","lvt":"1969-12-31T21:02:52-03:00","evento":"EnvioExterno","mensaje":"Enviando a Worker 7 (T_Evento: 9:02PM)"}
{"timestamp":"2025-11-24T20:17:00.9722006-03:00","hilo_id":"Worker-0","lvt":"1969-12-31T21:00:00-03:00","evento":"RecepcionExterno","mensaje":"Recibido (T_Evento: 9:02PM)"}
{"timestamp":"2025-11-24T20:17:00.9722006-03:00","hilo_id":"Worker-0","lvt":"1969-12-31T21:00:00-03:00","evento":"Checkpoint","mensaje":"Checkpoint creado en T=9:00PM"}
{"timestamp":"2025-11-24T20:17:00.9722006-03:00","hilo_id":"Worker-15","lvt":"1969-12-31T21:00:35-03:00","evento":"RecepcionExterno","mensaje":"Recibido (T_Evento: 9:02PM)"}
{"timestamp":"2025-11-24T20:17:00.9722006-03:00","hilo_id":"Worker-15","lvt":"1969-12-31T21:00:35-03:00","evento":"Checkpoint","mensaje":"Checkpoint creado en T=9:00PM"}
{"timestamp":"2025-11-24T20:17:00.9722006-03:00","hilo_id":"Worker-15","lvt":"1969-12-31T21:02:32-03:00","evento":"ProcesoInterno","mensaje":"Procesando evento interno (T=9:02PM)"}
{"timestamp":"2025-11-24T20:17:00.9722006-03:00","hilo_id":"Scheduler","lvt":"1969-12-31T21:03:00-03:00","evento":"EnvioExterno","mensaje":"Enviando a Worker 12 (T_Evento: 9:03PM)"}
{"timestamp":"2025-11-24T20:17:00.9722006-03:00","hilo_id":"Scheduler","lvt":"1969-12-31T21:03:10-03:00","evento":"EnvioExterno","mensaje":"Enviando a Worker 5 (T_Evento: 9:03PM)"}
{"timestamp":"2025-11-24T20:17:00.9722006-03:00","hilo_id":"Scheduler","lvt":"1969-12-31T21:03:13-03:00","evento":"EnvioExterno","mensaje":"Enviando a Worker 6 (T_Evento: 9:03PM)"}
{"timestamp":"2025-11-24T20:17:00.9722006-03:00","hilo_id":"Worker-5","lvt":"1969-12-31T21:01:13-03:00","evento":"RecepcionExterno","mensaje":"Recibido (T_Evento: 9:03PM)"}
{"timestamp":"2025-11-24T20:17:00.9722006-03:00","hilo_id":"Worker-5","lvt":"1969-12-31T21:01:13-03:00","evento":"Checkpoint","mensaje":"Checkpoint creado en T=9:01PM"}
{"timestamp":"2025-11-24T20:17:00.9722006-03:00","hilo_id":"Worker-5","lvt":"1969-12-31T21:03:10-03:00","evento":"ProcesoInterno","mensaje":"Procesando evento interno (T=9:03PM)"}
{"timestamp":"2025-11-24T20:17:00.9722006-03:00","hilo_id":"Worker-7","lvt":"1969-12-31T21:02:13-03:00","evento":"RecepcionExterno","mensaje":"Recibido (T_Evento: 9:02PM)"}
{"timestamp":"2025-11-24T20:17:00.9722006-03:00","hilo_id":"Worker-7","lvt":"1969-12-31T21:02:13-03:00","evento":"Checkpoint","mensaje":"Checkpoint creado en T=9:02PM"}
{"timestamp":"2025-11-24T20:17:00.9727272-03:00","hilo_id":"Worker-7","lvt":"1969-12-31T21:02:52-03:00","evento":"ProcesoInterno","mensaje":"Procesando evento interno (T=9:03PM)"}
{"timestamp":"2025-11-24T20:17:00.9722006-03:00","hilo_id":"Worker-9","lvt":"1969-12-31T21:00:00-03:00","evento":"RecepcionExterno","mensaje":"Recibido (T_Evento: 9:02PM)"}
{"timestamp":"2025-11-24T20:17:00.9727272-03:00","hilo_id":"Worker-9","lvt":"1969-12-31T21:00:00-03:00","evento":"Checkpoint","mensaje":"Checkpoint creado en T=9:00PM"}
{"timestamp":"2025-11-24T20:17:00.9727272-03:00","hilo_id":"Worker-9","lvt":"1969-12-31T21:02:41-03:00","evento":"ProcesoInterno","mensaje":"Procesando evento interno (T=9:02PM)"}
{"timestamp":"2025-11-24T20:17:00.9722006-03:00","hilo_id":"Worker-12","lvt":"1969-12-31T21:02:37-03:00","evento":"RecepcionExterno","mensaje":"Recibido (T_Evento: 9:02PM)"}
{"timestamp":"2025-11-24T20:17:00.9727272-03:00","hilo_id":"Worker-12","lvt":"1969-12-31T21:02:37-03:00","evento":"Checkpoint","mensaje":"Checkpoint creado en T=9:02PM"}
{"timestamp":"2025-11-24T20:17:00.9722006-03:00","hilo_id":"Worker-0","lvt":"1969-12-31T21:02:25-03:00","evento":"ProcesoInterno","mensaje":"Procesando evento interno (T=9:02PM)"}
{"timestamp":"2025-11-24T20:17:00.9722006-03:00","hilo_id":"Scheduler","lvt":"1969-12-31T21:03:21-03:00","evento":"EnvioExterno","mensaje":"Enviando a Worker 12 (T_Evento: 9:03PM)"}
{"timestamp":"2025-11-24T20:17:00.9727272-03:00","hilo_id":"Scheduler","lvt":"1969-12-31T21:03:24-03:00","evento":"EnvioExterno","mensaje":"Enviando a Worker 12 (T_Evento: 9:03PM)"}
{"timestamp":"2025-11-24T20:17:00.9727272-03:00","hilo_id":"Scheduler","lvt":"1969-12-31T21:03:34-03:00","evento":"EnvioExterno","mensaje":"Enviando a Worker 4 (T_Evento: 9:03PM)"}
{"timestamp":"2025-11-24T20:17:00.9727272-03:00","hilo_id":"Scheduler","lvt":"1969-12-31T21:03:40-03:00","evento":"EnvioExterno","mensaje":"Enviando a Worker 0 (T_Evento: 9:03PM)"}
{"timestamp":"2025-11-24T20:17:00.9727272-03:00","hilo_id":"Worker-4","lvt":"1969-12-31T21:02:15-03:00","evento":"RecepcionExterno","mensaje":"Recibido (T_Evento: 9:03PM)"}
{"timestamp":"2025-11-24T20:17:00.9727272-03:00","hilo_id":"Worker-4","lvt":"1969-12-31T21:02:15-03:00","evento":"Checkpoint","mensaje":"Checkpoint creado en T=9:02PM"}
{"timestamp":"2025-11-24T20:17:00.9727272-03:00","hilo_id":"Worker-4","lvt":"1969-12-31T21:03:34-03:00","evento":"ProcesoInterno","mensaje":"Procesando evento interno (T=9:03PM)"}
{"timestamp":"2025-11-24T20:17:00.9722006-03:00","hilo_id":"Worker-6","lvt":"1969-12-31T21:00:57-03:00","evento":"RecepcionExterno","mensaje":"Recibido (T_Evento: 9:03PM)"}
{"timestamp":"2025-11-24T20:17:00.9727272-03:00","hilo_id":"Worker-6","lvt":"1969-12-31T21:00:57-03:00","evento":"Checkpoint","mensaje":"Checkpoint creado en T=9:00PM"}
{"timestamp":"2025-11-24T20:17:00.9727272-03:00","hilo_id":"Worker-6","lvt":"1969-12-31T21:03:13-03:00","evento":"ProcesoInterno","mensaje":"Procesando evento interno (T=9:03PM)"}
{"timestamp":"2025-11-24T20:17:00.9727272-03:00","hilo_id":"Scheduler","lvt":"1969-12-31T21:03:45-03:00","evento":"EnvioExterno","mensaje":"Enviando a Worker 5 (T_Evento: 9:03PM)"}
{"timestamp":"2025-11-24T20:17:00.9727272-03:00","hilo_id":"Scheduler","lvt":"1969-12-31T21:03:46-03:00","evento":"EnvioExterno","mensaje":"Enviando a Worker 5 (T_Evento: 9:03PM)"}
{"timestamp":"2025-11-24T20:17:00.9727272-03:00","hilo_id":"Worker-12","lvt":"1969-12-31T21:02:48-03:00","evento":"ProcesoInterno","mensaje":"Procesando evento interno (T=9:03PM)"}
{"timestamp":"2025-11-24T20:17:00.9727272-03:00","hilo_id":"Worker-12","lvt":"1969-12-31T21:03:03-03:00","evento":"RecepcionExterno","mensaje":"Recibido (T_Evento: 9:03PM)"}
{"timestamp":"2025-11-24T20:17:00.9727272-03:00","hilo_id":"Worker-12","lvt":"1969-12-31T21:03:03-03:00","evento":"RollbackInicio","mensaje":"Straggler (T=9:03PM). Volviendo a LVT=9:02PM"}
{"timestamp":"2025-11-24T20:17:00.9727272-03:00","hilo_id":"Worker-12","lvt":"1969-12-31T21:03:03-03:00","evento":"RollbackFin","mensaje":"ReprocesamientoFinalizado"}
{"timestamp":"2025-11-24T20:17:00.9727272-03:00","hilo_id":"Worker-12","lvt":"1969-12-31T21:03:03-03:00","evento":"Checkpoint","mensaje":"Checkpoint creado en T=9:03PM"}
{"timestamp":"2025-11-24T20:17:00.9727272-03:00","hilo_id":"Worker-12","lvt":"1969-12-31T21:03:03-03:00","evento":"ProcesoInterno","mensaje":"Procesando evento interno (T=9:03PM)"}
{"timestamp":"2025-11-24T20:17:00.9727272-03:00","hilo_id":"Worker-12","lvt":"1969-12-31T21:03:15-03:00","evento":"RecepcionExterno","mensaje":"Recibido (T_Evento: 9:03PM)"}
{"timestamp":"2025-11-24T20:17:00.9727272-03:00","hilo_id":"Worker-12","lvt":"1969-12-31T21:03:15-03:00","evento":"Checkpoint","mensaje":"Checkpoint creado en T=9:03PM"}
{"timestamp":"2025-11-24T20:17:00.9727272-03:00","hilo_id":"Worker-12","lvt":"1969-12-31T21:03:21-03:00","evento":"ProcesoInterno","mensaje":"Procesando evento interno (T=9:03PM)"}
{"timestamp":"2025-11-24T20:17:00.9727272-03:00","hilo_id":"Worker-12","lvt":"1969-12-31T21:03:36-03:00","evento":"RecepcionExterno","mensaje":"Recibido (T_Evento: 9:03PM)"}
{"timestamp":"2025-11-24T20:17:00.9727272-03:00","hilo_id":"Worker-0","lvt":"1969-12-31T21:02:40-03:00","evento":"RecepcionExterno","mensaje":"Recibido (T_Evento: 9:03PM)"}
{"timestamp":"2025-11-24T20:17:00.9727272-03:00","hilo_id":"Worker-0","lvt":"1969-12-31T21:02:40-03:00","evento":"Checkpoint","mensaje":"Checkpoint creado en T=9:02PM"}
{"timestamp":"2025-11-24T20:17:00.9727272-03:00","hilo_id":"Worker-0","lvt":"1969-12-31T21:03:40-03:00","evento":"ProcesoInterno","mensaje":"Procesando evento interno (T=9:03PM)"}
{"timestamp":"2025-11-24T20:17:00.9727272-03:00","hilo_id":"Worker-5","lvt":"1969-12-31T21:03:25-03:00","evento":"RecepcionExterno","mensaje":"Recibido (T_Evento: 9:03PM)"}
{"timestamp":"2025-11-24T20:17:00.9727272-03:00","hilo_id":"Worker-5","lvt":"1969-12-31T21:03:25-03:00","evento":"Checkpoint","mensaje":"Checkpoint creado en T=9:03PM"}
{"timestamp":"2025-11-24T20:17:00.9727272-03:00","hilo_id":"Worker-5","lvt":"1969-12-31T21:03:45-03:00","evento":"ProcesoInterno","mensaje":"Procesando evento interno (T=9:04PM)"}
{"timestamp":"2025-11-24T20:17:00.9727272-03:00","hilo_id":"Worker-5","lvt":"1969-12-31T21:04:00-03:00","evento":"RecepcionExterno","mensaje":"Recibido (T_Evento: 9:03PM)"}
{"timestamp":"2025-11-24T20:17:00.9732533-03:00","hilo_id":"Worker-5","lvt":"1969-12-31T21:04:00-03:00","evento":"RollbackInicio","mensaje":"Straggler (T=9:03PM). Volviendo a LVT=9:03PM"}
{"timestamp":"2025-11-24T20:17:00.9732533-03:00","hilo_id":"Worker-5","lvt":"1969-12-31T21:04:00-03:00","evento":"RollbackFin","mensaje":"ReprocesamientoFinalizado"}
{"timestamp":"2025-11-24T20:17:00.9732533-03:00","hilo_id":"Worker-5","lvt":"1969-12-31T21:04:00-03:00","evento":"Checkpoint","mensaje":"Checkpoint creado en T=9:04PM"}
{"timestamp":"2025-11-24T20:17:00.9732533-03:00","hilo_id":"Worker-5","lvt":"1969-12-31T21:04:00-03:00","evento":"ProcesoInterno","mensaje":"Procesando evento interno (T=9:04PM)"}
{"timestamp":"2025-11-24T20:17:00.9727272-03:00","hilo_id":"Scheduler","lvt":"1969-12-31T21:03:49-03:00","evento":"EnvioExterno","mensaje":"Enviando a Worker 14 (T_Evento: 9:03PM)"}
{"timestamp":"2025-11-24T20:17:00.9732533-03:00","hilo_id":"Scheduler","lvt":"1969-12-31T21:03:58-03:00","evento":"EnvioExterno","mensaje":"Enviando a Worker 7 (T_Evento: 9:03PM)"}
{"timestamp":"2025-11-24T20:17:00.9727272-03:00","hilo_id":"Worker-12","lvt":"1969-12-31T21:03:36-03:00","evento":"RollbackInicio","mensaje":"Straggler (T=9:03PM). Volviendo a LVT=9:03PM"}
{"timestamp":"2025-11-24T20:17:00.9732533-03:00","hilo_id":"Worker-12","lvt":"1969-12-31T21:03:36-03:00","evento":"RollbackFin","mensaje":"ReprocesamientoFinalizado"}
{"timestamp":"2025-11-24T20:17:00.9732533-03:00","hilo_id":"Worker-12","lvt":"1969-12-31T21:03:36-03:00","evento":"Checkpoint","mensaje":"Checkpoint creado en T=9:03PM"}
{"timestamp":"2025-11-24T20:17:00.9732533-03:00","hilo_id":"Worker-12","lvt":"1969-12-31T21:03:36-03:00","evento":"ProcesoInterno","mensaje":"Procesando evento interno (T=9:03PM)"}
{"timestamp":"2025-11-24T20:17:00.9732533-03:00","hilo_id":"Worker-14","lvt":"1969-12-31T21:01:23-03:00","evento":"RecepcionExterno","mensaje":"Recibido (T_Evento: 9:03PM)"}
{"timestamp":"2025-11-24T20:17:00.9732533-03:00","hilo_id":"Worker-14","lvt":"1969-12-31T21:01:23-03:00","evento":"Checkpoint","mensaje":"Checkpoint creado en T=9:01PM"}
{"timestamp":"2025-11-24T20:17:00.9732533-03:00","hilo_id":"Worker-14","lvt":"1969-12-31T21:03:49-03:00","evento":"ProcesoInterno","mensaje":"Procesando evento interno (T=9:04PM)"}
{"timestamp":"2025-11-24T20:17:00.9732533-03:00","hilo_id":"Scheduler","lvt":"1969-12-31T21:04:01-03:00","evento":"EnvioExterno","mensaje":"Enviando a Worker 4 (T_Evento: 9:04PM)"}
{"timestamp":"2025-11-24T20:17:00.9732533-03:00","hilo_id":"Scheduler","lvt":"1969-12-31T21:04:07-03:00","evento":"EnvioExterno","mensaje":"Enviando a Worker 6 (T_Evento: 9:04PM)"}
{"timestamp":"2025-11-24T20:17:00.9732533-03:00","hilo_id":"Scheduler","lvt":"1969-12-31T21:04:13-03:00","evento":"EnvioExterno","mensaje":"Enviando a Worker 8 (T_Evento: 9:04PM)"}
{"timestamp":"2025-11-24T20:17:00.9732533-03:00","hilo_id":"Worker-6","lvt":"1969-12-31T21:03:28-03:00","evento":"RecepcionExterno","mensaje":"Recibido (T_Evento: 9:04PM)"}
{"timestamp":"2025-11-24T20:17:00.9732533-03:00","hilo_id":"Worker-6","lvt":"1969-12-31T21:03:28-03:00","evento":"Checkpoint","mensaje":"Checkpoint creado en T=9:03PM"}
{"timestamp":"2025-11-24T20:17:00.9732533-03:00","hilo_id":"Worker-6","lvt":"1969-12-31T21:04:07-03:00","evento":"ProcesoInterno","mensaje":"Procesando evento interno (T=9:04PM)"}
{"timestamp":"2025-11-24T20:17:00.9732533-03:00","hilo_id":"Worker-7","lvt":"1969-12-31T21:03:07-03:00","evento":"RecepcionExterno","mensaje":"Recibido (T_Evento: 9:03PM)"}
{"timestamp":"2025-11-24T20:17:00.9732533-03:00","hilo_id":"Worker-7","lvt":"1969-12-31T21:03:07-03:00","evento":"Checkpoint","mensaje":"Checkpoint creado en T=9:03PM"}
{"timestamp":"2025-11-24T20:17:00.9732533-03:00","hilo_id":"Worker-7","lvt":"1969-12-31T21:03:58-03:00","evento":"ProcesoInterno","mensaje":"Procesando evento interno (T=9:04PM)"}
{"timestamp":"2025-11-24T20:17:00.9732533-03:00","hilo_id":"Scheduler","lvt":"1969-12-31T21:04:23-03:00","evento":"EnvioExterno","mensaje":"Enviando a Worker 6 (T_Evento: 9:04PM)"}
{"timestamp":"2025-11-24T20:17:00.9732533-03:00","hilo_id":"Scheduler","lvt":"1969-12-31T21:04:31-03:00","evento":"EnvioExterno","mensaje":"Enviando a Worker 10 (T_Evento: 9:04PM)"}
{"timestamp":"2025-11-24T20:17:00.9732533-03:00","hilo_id":"Scheduler","lvt":"1969-12-31T21:04:41-03:00","evento":"EnvioExterno","mensaje":"Enviando a Worker 11 (T_Evento: 9:04PM)"}
{"timestamp":"2025-11-24T20:17:00.9732533-03:00","hilo_id":"Scheduler","lvt":"1969-12-31T21:04:50-03:00","evento":"EnvioExterno","mensaje":"Enviando a Worker 8 (T_Evento: 9:04PM)"}
{"timestamp":"2025-11-24T20:17:00.9732533-03:00","hilo_id":"Scheduler","lvt":"1969-12-31T21:04:59-03:00","evento":"EnvioExterno","mensaje":"Enviando a Worker 8 (T_Evento: 9:04PM)"}
{"timestamp":"2025-11-24T20:17:00.9732533-03:00","hilo_id":"Scheduler","lvt":"1969-12-31T21:05:08-03:00","evento":"EnvioExterno","mensaje":"Enviando a Worker 5 (T_Evento: 9:05PM)"}
{"timestamp":"2025-11-24T20:17:00.9732533-03:00","hilo_id":"Scheduler","lvt":"1969-12-31T21:05:18-03:00","evento":"EnvioExterno","mensaje":"Enviando a Worker 8 (T_Evento: 9:05PM)"}
{"timestamp":"2025-11-24T20:17:00.9732533-03:00","hilo_id":"Scheduler","lvt":"1969-12-31T21:05:28-03:00","evento":"EnvioExterno","mensaje":"Enviando a Worker 4 (T_Evento: 9:05PM)"}
{"timestamp":"2025-11-24T20:17:00.9732533-03:00","hilo_id":"Worker-4","lvt":"1969-12-31T21:03:49-03:00","evento":"RecepcionExterno","mensaje":"Recibido (T_Evento: 9:04PM)"}
{"timestamp":"2025-11-24T20:17:00.9732533-03:00","hilo_id":"Worker-4","lvt":"1969-12-31T21:03:49-03:00","evento":"Checkpoint","mensaje":"Checkpoint creado en T=9:03PM"}
{"timestamp":"2025-11-24T20:17:00.9732533-03:00","hilo_id":"Worker-4","lvt":"1969-12-31T21:04:01-03:00","evento":"ProcesoInterno","mensaje":"Procesando evento interno (T=9:04PM)"}
{"timestamp":"2025-11-24T20:17:00.9737804-03:00","hilo_id":"Worker-4","lvt":"1969-12-31T21:04:16-03:00","evento":"RecepcionExterno","mensaje":"Recibido (T_Evento: 9:05PM)"}
{"timestamp":"2025-11-24T20:17:00.9737804-03:00","hilo_id":"Worker-4","lvt":"1969-12-31T21:04:16-03:00","evento":"Checkpoint","mensaje":"Checkpoint creado en T=9:04PM"}
{"timestamp":"2025-11-24T20:17:00.9737804-03:00","hilo_id":"Worker-4","lvt":"1969-12-31T21:05:28-03:00","evento":"ProcesoInterno","mensaje":"Procesando evento interno (T=9:05PM)"}
{"timestamp":"2025-11-24T20:17:00.9732533-03:00","hilo_id":"Worker-10","lvt":"1969-12-31T21:00:00-03:00","evento":"RecepcionExterno","mensaje":"Recibido (T_Evento: 9:04PM)"}
{"timestamp":"2025-11-24T20:17:00.9737804-03:00","hilo_id":"Worker-10","lvt":"1969-12-31T21:00:00-03:00","evento":"Checkpoint","mensaje":"Checkpoint creado en T=9:00PM"}
{"timestamp":"2025-11-24T20:17:00.9737804-03:00","hilo_id":"Worker-10","lvt":"1969-12-31T21:04:31-03:00","evento":"ProcesoInterno","mensaje":"Procesando evento interno (T=9:04PM)"}
{"timestamp":"2025-11-24T20:17:00.9732533-03:00","hilo_id":"Worker-8","lvt":"1969-12-31T21:02:28-03:00","evento":"RecepcionExterno","mensaje":"Recibido (T_Evento: 9:04PM)"}
{"timestamp":"2025-11-24T20:17:00.9737804-03:00","hilo_id":"Worker-8","lvt":"1969-12-31T21:02:28-03:00","evento":"Checkpoint","mensaje":"Checkpoint creado en T=9:02PM"}
{"timestamp":"2025-11-24T20:17:00.9737804-03:00","hilo_id":"Worker-8","lvt":"1969-12-31T21:04:13-03:00","evento":"ProcesoInterno","mensaje":"Procesando evento interno (T=9:04PM)"}
{"timestamp":"2025-11-24T20:17:00.9737804-03:00","hilo_id":"Worker-8","lvt":"1969-12-31T21:04:28-03:00","evento":"RecepcionExterno","mensaje":"Recibido (T_Evento: 9:04PM)"}
{"timestamp":"2025-11-24T20:17:00.9737804-03:00","hilo_id":"Worker-8","lvt":"1969-12-31T21:04:28-03:00","evento":"Checkpoint","mensaje":"Checkpoint creado en T=9:04PM"}
{"timestamp":"2025-11-24T20:17:00.9737804-03:00","hilo_id":"Worker-8","lvt":"1969-12-31T21:04:50-03:00","evento":"ProcesoInterno","mensaje":"Procesando evento interno (T=9:05PM)"}
{"timestamp":"2025-11-24T20:17:00.9737804-03:00","hilo_id":"Worker-8","lvt":"1969-12-31T21:05:05-03:00","evento":"RecepcionExterno","mensaje":"Recibido (T_Evento: 9:04PM)"}
{"timestamp":"2025-11-24T20:17:00.9737804-03:00","hilo_id":"Worker-8","lvt":"1969-12-31T21:05:05-03:00","evento":"RollbackInicio","mensaje":"Straggler (T=9:04PM). Volviendo a LVT=9:04PM"}
{"timestamp":"2025-11-24T20:17:00.9737804-03:00","hilo_id":"Worker-8","lvt":"1969-12-31T21:05:05-03:00","evento":"RollbackFin","mensaje":"ReprocesamientoFinalizado"}
{"timestamp":"2025-11-24T20:17:00.9737804-03:00","hilo_id":"Worker-8","lvt":"1969-12-31T21:05:05-03:00","evento":"Checkpoint","mensaje":"Checkpoint creado en T=9:05PM"}
{"timestamp":"2025-11-24T20:17:00.9737804-03:00","hilo_id":"Worker-8","lvt":"1969-12-31T21:05:05-03:00","evento":"ProcesoInterno","mensaje":"Procesando evento interno (T=9:05PM)"}
{"timestamp":"2025-11-24T20:17:00.9737804-03:00","hilo_id":"Worker-8","lvt":"1969-12-31T21:05:14-03:00","evento":"RecepcionExterno","mensaje":"Recibido (T_Evento: 9:05PM)"}
{"timestamp":"2025-11-24T20:17:00.9737804-03:00","hilo_id":"Worker-8","lvt":"1969-12-31T21:05:14-03:00","evento":"Checkpoint","mensaje":"Checkpoint creado en T=9:05PM"}
{"timestamp":"2025-11-24T20:17:00.9737804-03:00","hilo_id":"Worker-8","lvt":"1969-12-31T21:05:18-03:00","evento":"ProcesoInterno","mensaje":"Procesando evento interno (T=9:05PM)"}
{"timestamp":"2025-11-24T20:17:00.9732533-03:00","hilo_id":"Worker-6","lvt":"1969-12-31T21:04:22-03:00","evento":"RecepcionExterno","mensaje":"Recibido (T_Evento: 9:04PM)"}
{"timestamp":"2025-11-24T20:17:00.9737804-03:00","hilo_id":"Worker-6","lvt":"1969-12-31T21:04:22-03:00","evento":"Checkpoint","mensaje":"Checkpoint creado en T=9:04PM"}
{"timestamp":"2025-11-24T20:17:00.9737804-03:00","hilo_id":"Worker-6","lvt":"1969-12-31T21:04:23-03:00","evento":"ProcesoInterno","mensaje":"Procesando evento interno (T=9:04PM)"}
{"timestamp":"2025-11-24T20:17:00.9732533-03:00","hilo_id":"Worker-11","lvt":"1969-12-31T21:02:03-03:00","evento":"RecepcionExterno","mensaje":"Recibido (T_Evento: 9:04PM)"}
{"timestamp":"2025-11-24T20:17:00.9737804-03:00","hilo_id":"Worker-11","lvt":"1969-12-31T21:02:03-03:00","evento":"Checkpoint","mensaje":"Checkpoint creado en T=9:02PM"}
{"timestamp":"2025-11-24T20:17:00.9737804-03:00","hilo_id":"Worker-11","lvt":"1969-12-31T21:04:41-03:00","evento":"ProcesoInterno","mensaje":"Procesando evento interno (T=9:04PM)"}
{"timestamp":"2025-11-24T20:17:00.9732533-03:00","hilo_id":"Worker-5","lvt":"1969-12-31T21:04:01-03:00","evento":"RecepcionExterno","mensaje":"Recibido (T_Evento: 9:05PM)"}
{"timestamp":"2025-11-24T20:17:00.9737804-03:00","hilo_id":"Worker-5","lvt":"1969-12-31T21:04:01-03:00","evento":"Checkpoint","mensaje":"Checkpoint creado en T=9:04PM"}
{"timestamp":"2025-11-24T20:17:00.9737804-03:00","hilo_id":"Worker-5","lvt":"1969-12-31T21:05:08-03:00","evento":"ProcesoInterno","mensaje":"Procesando evento interno (T=9:05PM)"}
